index.js(34,30): error TS2551: Property 'TracingDataset' does not exist on type 'Options'. Did you mean 'TracingDatase'?
index.test.js(52,5): error TS2345: Argument of type '{ APIHost: string; APIKey: string; GlobalMetadata: { global: string; }; DesiredSampleRate: number; TracingDataset: string; }' is not assignable to parameter of type 'Options | "mock"'.
  Object literal may only specify known properties, but 'TracingDataset' does not exist in type 'Options'. Did you mean to write 'TracingDatase'?
error TS2688: Cannot find type definition file for 'ember__test-helpers'.